<?xml version="1.0" encoding="UTF-8"?>
<!-- Generated by org.testng.reporters.JUnitXMLReporter -->
<testsuite ignored="0" hostname="IB-SEZ-LAP-714" failures="1" tests="3" name="Miscellenous Test" time="29.276" errors="0" timestamp="2024-11-11T23:34:53 IST">
  <testcase classname="TestFolder.Test1" name="checkTheLocators" time="7.866"/>
  <testcase classname="TestFolder.Test1" name="foundThePassword" time="5.037">
    <failure type="java.lang.AssertionError" message="expected [Hello rahul,] but found []">
      <![CDATA[java.lang.AssertionError: expected [Hello rahul,] but found []
at TestFolder.Test1.foundThePassword(Test1.java:123)
at java.base/java.util.ArrayList.forEach(ArrayList.java:1511)
at java.base/java.util.concurrent.FutureTask.run(FutureTask.java:264)
at java.base/java.util.concurrent.ThreadPoolExecutor.runWorker(ThreadPoolExecutor.java:1136)
at java.base/java.util.concurrent.ThreadPoolExecutor$Worker.run(ThreadPoolExecutor.java:635)
at java.base/java.lang.Thread.run(Thread.java:842)
... Removed 23 stack frames]]>
    </failure>
  </testcase> <!-- foundThePassword -->
  <testcase classname="TestFolder.Test1" name="openGoogleTest" time="4.11"/>
</testsuite> <!-- Miscellenous Test -->
